<?xml version="1.0" encoding="UTF-8"?>
<testng-results ignored="0" total="1" passed="1" failed="0" skipped="0">
  <reporter-output>
  </reporter-output>
  <suite started-at="2022-04-30T13:24:20 IST" name="Default suite" finished-at="2022-04-30T13:24:20 IST" duration-ms="70">
    <groups>
    </groups>
    <test started-at="2022-04-30T13:24:20 IST" name="Default test" finished-at="2022-04-30T13:24:20 IST" duration-ms="70">
      <class name="contact.com.CreateLeadOrgTest">
        <test-method signature="leadTest()[pri:0, instance:contact.com.CreateLeadOrgTest@6f27a732]" started-at="2022-04-30T13:24:20 IST" name="leadTest" finished-at="2022-04-30T13:24:20 IST" duration-ms="10" status="PASS">
          <reporter-output>
          </reporter-output>
        </test-method> <!-- leadTest -->
      </class> <!-- contact.com.CreateLeadOrgTest -->
    </test> <!-- Default test -->
  </suite> <!-- Default suite -->
</testng-results>
